<?xml version="1.0" encoding="UTF-8"?>
<testng-results ignored="0" total="1" passed="1" failed="0" skipped="0">
  <reporter-output>
  </reporter-output>
  <suite started-at="2021-07-18T22:42:21 EDT" name="Default suite" finished-at="2021-07-18T22:42:39 EDT" duration-ms="17693">
    <groups>
    </groups>
    <test started-at="2021-07-18T22:42:21 EDT" name="Default test" finished-at="2021-07-18T22:42:39 EDT" duration-ms="17693">
      <class name="com.pom.tests.Company_Test">
        <test-method is-config="true" signature="openApp()[pri:0, instance:com.pom.tests.Company_Test@222114ba]" started-at="2021-07-18T22:42:21 EDT" name="openApp" finished-at="2021-07-18T22:42:24 EDT" duration-ms="2529" status="PASS">
          <reporter-output>
          </reporter-output>
        </test-method> <!-- openApp -->
        <test-method signature="TC1_CreateCompany()[pri:0, instance:com.pom.tests.Company_Test@222114ba]" started-at="2021-07-18T22:42:24 EDT" name="TC1_CreateCompany" finished-at="2021-07-18T22:42:39 EDT" duration-ms="15134" status="PASS">
          <reporter-output>
          </reporter-output>
        </test-method> <!-- TC1_CreateCompany -->
      </class> <!-- com.pom.tests.Company_Test -->
    </test> <!-- Default test -->
  </suite> <!-- Default suite -->
</testng-results>
